make --dry-run --always-make --keep-going --print-directory
make: Entering directory `/Users/balee/42/42cursus/push_swap'
cc -Wall -Wextra -Werror -I. -c -o avl_rot.o avl_rot.c
cc -Wall -Wextra -Werror -I. -c -o avl.o avl.c
cc -Wall -Wextra -Werror -I. -c -o input.o input.c
cc -Wall -Wextra -Werror -I. -c -o push.o push.c
cc -Wall -Wextra -Werror -I. -c -o reverse_rotation.o reverse_rotation.c
cc -Wall -Wextra -Werror -I. -c -o rotation.o rotation.c
cc -Wall -Wextra -Werror -I. -c -o sort.o sort.c
cc -Wall -Wextra -Werror -I. -c -o swap.o swap.c
cc -Wall -Wextra -Werror -I. -c -o util.o util.c
cc -Wall -Wextra -Werror -I. -c -o sort3_a.o sort3_a.c
cc -Wall -Wextra -Werror -I. -c -o sort3_b.o sort3_b.c
cc -Wall -Wextra -Werror -I. -c -o sort4.o sort4.c
cc -Wall -Wextra -Werror -I. -c -o sort5.o sort5.c
cc -Wall -Wextra -Werror -I. -c -o sort_b_to_a.o sort_b_to_a.c
cc -Wall -Wextra -Werror -I. -c -o print_log.o print_log.c
cc -Wall -Wextra -Werror -I. -c -o check_log.o check_log.c
cc -Wall -Wextra -Werror -I. -c -o check_log_util.o check_log_util.c
cc -Wall -Wextra -Werror -I. -c -o push_swap.o push_swap.c
cc -Wall -Wextra -Werror -I. -o push_swap push_swap.o avl_rot.o avl.o input.o push.o reverse_rotation.o rotation.o sort.o swap.o util.o sort3_a.o sort3_b.o sort4.o sort5.o sort_b_to_a.o print_log.o check_log.o check_log_util.o
make: Leaving directory `/Users/balee/42/42cursus/push_swap'
 
