[RUN #0 10 10]
-190 -684 -625 366 -402 887 -616 -507 430 -355
920 872 -68 -99 837 -473 883 -435 359 330
[RUN #1 100 10]
-699 595 684 29 126 453 -814 -94 629 594 347 -10 -282 -197 212 -339 858 534 436 794 591 -748 329 441 -846 -898 -430 412 -478 -784 -960 -140 -363 -425 158 243 -359 451 45 -695 -724 -614 188 517 -607 -481 267 117 -635 -776 261 809 -116 -864 -292 -630 -209 -8 643 -937 256 -29 -729 -283 280 -343 189 96 -295 722 759 956 -300 79 157 -463 -499 -182 -294 80 150 85 -654 -153 -41 666 147 740 619 198 -368 -823 -534 795 193 -665 917 -238 57 -325
[RUN #2 100 10]
-584 -929 -147 -395 -916 -445 965 -937 -404 890 210 -94 511 -708 757 818 -824 733 496 901 -278 784 -932 -991 -500 614 -984 24 294 -61 -911 88 -895 272 -835 -983 -62 -302 -371 234 533 338 -763 945 188 -216 -719 149 -444 -337 49 829 957 -845 -840 -474 -657 -857 742 -7 173 -132 -764 15 344 -746 -279 -885 -976 482 -536 155 319 242 -223 398 -196 729 -361 -861 13 -208 -151 743 177 267 -557 -316 -107 -967 366 143 -484 -849 798 314 -429 491 820 -631
[RUN #3 100 10]
232 -56 116 609 -320 -508 213 -326 144 505 509 -323 457 491 305 -656 548 -903 747 -594 975 314 76 -3 454 874 779 -588 614 400 331 617 -841 -317 -543 38 789 -433 -394 997 488 782 602 -682 772 520 -829 923 225 687 249 338 -460 -839 444 -578 -16 -749 -700 -795 241 769 402 251 13 -672 427 821 220 -141 -23 560 151 -643 -175 355 891 -217 -590 -36 393 -273 139 -193 -911 120 -525 -684 -966 419 -253 967 -14 -939 95 708 334 -549 -984 -694
[RUN #4 100 10]
357 428 -385 -944 465 -633 -400 511 -535 -574 134 471 124 -860 108 -543 989 80 276 -700 -629 -389 275 -635 -549 683 114 -703 -997 412 -554 -474 -688 -207 787 383 612 -590 233 -372 -888 -28 912 343 -768 341 583 -529 -229 -899 541 550 957 -817 -330 741 -347 798 -547 -432 325 -95 -848 -374 2 491 -325 39 810 -749 -877 454 -460 -337 -771 -497 -257 307 -98 -254 812 -173 211 -730 -413 815 -66 -757 -858 755 47 -420 150 293 535 613 -840 -665 -309 -256
[RUN #5 10 10]
498 -398 374 964 -4 196 38 283 -615 -869
844 56 -219 886 964 -309 -797 253 654 -384
[RUN #6 10 10]
74 240 492 873 -952 35 -12 380 270 148
438 355 -959 -238 594 170 142 450 -644 827
-777 -239 -68 478 -337 895 89 154 407 836
-290 541 979 -60 -270 -37 -577 482 -237 -710
649 -407 -857 205 776 -561 -834 988 55 -983
[RUN #7 10 10]
-578 682 -549 447 572 -451 -324 -691 -660 93
-261 -892 -150 -691 -495 -437 134 57 308 24
[RUN #8 10 10]
-343 464 376 706 -999 -22 936 -467 784 -606
21 -853 -154 -968 -121 -758 -535 287 -102 5
[RUN #9 100 10]
-332 -694 -956 268 634 -947 -864 -393 617 364 422 294 -287 -376 484 723 -885 85 -492 -644 -28 -672 -146 -561 -315 666 944 839 -628 342 -341 -87 848 -552 301 -550 138 -971 956 -459 -96 372 314 35 920 -13 376 -524 28 -596 204 -33 -330 -272 -537 746 -748 899 -425 131 453 363 404 310 257 -435 -171 -218 -201 148 -48 861 -990 -498 917 -913 -627 -778 175 -461 -624 -327 -933 990 -326 -471 62 -470 797 -708 179 -31 -114 452 -23 938 74 -698 779 -681
[RUN #10 100 10]
-903 34 833 -676 126 825 351 915 209 881 -516 -956 440 -219 982 -912 223 824 360 62 492 -401 -759 421 -104 -209 849 -386 -968 -848 -622 -426 276 339 516 617 12 111 654 -400 -475 -815 -846 850 445 275 -109 -961 113 784 -53 128 747 -238 565 98 378 350 507 363 -697 -632 879 -467 -515 -356 -284 -735 666 925 232 -167 750 348 -651 974 -751 420 423 -495 92 -192 950 -710 -207 -573 958 -369 110 -154 233 518 282 355 -69 -27 -315 983 -344 419
[RUN #11 100 10]
733 528 466 -357 302 258 -659 444 168 -147 184 -919 929 -7 437 -983 -778 -712 -436 -272 129 365 903 372 -635 859 -60 713 -195 502 431 134 709 -168 -18 483 153 488 179 -306 692 70 555 958 -980 630 323 959 671 -249 777 313 773 351 21 318 717 -961 -71 24 568 663 -568 96 -577 870 -362 -679 63 30 -104 -77 132 830 -426 26 -646 880 99 401 -489 344 923 -439 -311 -190 -256 724 -59 896 -1000 874 -451 -741 -348 639 881 458 -345 -289
[RUN #12 100 10]
-695 681 -420 -786 845 -282 34 643 -521 907 -964 905 -220 -907 873 -125 203 478 -795 48 -183 -743 351 300 -697 -621 -266 -830 -136 421 307 -416 90 -864 120 946 925 904 -72 -204 716 -895 528 21 -988 -915 -389 850 -135 -237 910 59 430 -421 -934 304 -94 -137 -425 330 -64 -139 -200 981 -763 -712 805 311 501 752 -20 -746 30 959 175 -707 -482 970 118 -890 164 -747 607 -1000 25 73 785 594 -852 -340 3 -476 -623 -948 66 -313 -523 703 -685 -905
[RUN #13 10 10]
-536 338 -67 -278 542 -221 -508 68 139 55
[RUN #14 10 10]
992 38 -86 -329 -77 -33 -567 488 501 210
[RUN #15 10 10]
961 936 -368 -702 -167 165 -313 -234 -282 122
-56 415 164 -727 -196 878 828 -430 724 -829
-167 -422 632 398 69 715 -675 -120 -183 -65
-971 903 -173 790 -389 152 646 670 472 10
[RUN #16 10 10]
185 -366 -91 -70 902 934 781 -88 -836 91
-201 729 411 -975 -962 -532 -643 944 373 -795
-965 728 219 -637 341 677 154 -85 186 469
869 441 -246 -887 -105 433 831 435 -334 -716
[RUN #17 10 10]
-223 699 -377 -805 135 -370 383 882 -927 124
